[bwa_index] Pack FASTA... 0.54 sec
[bwa_index] Construct BWT for the packed sequence...
[BWTIncCreate] textLength=166514882, availableWord=23716276
[BWTIncConstructFromPacked] 10 iterations done. 39120754 characters processed.
[BWTIncConstructFromPacked] 20 iterations done. 72271554 characters processed.
[BWTIncConstructFromPacked] 30 iterations done. 101732034 characters processed.
[BWTIncConstructFromPacked] 40 iterations done. 127912546 characters processed.
[BWTIncConstructFromPacked] 50 iterations done. 151177842 characters processed.
[bwt_gen] Finished constructing BWT in 58 iterations.
[bwa_index] 37.89 seconds elapse.
[bwa_index] Update BWT... 0.37 sec
[bwa_index] Pack forward-only FASTA... 0.34 sec
[bwa_index] Construct SA from BWT and Occ... 20.01 sec
[main] Version: 0.7.17-r1188
[main] CMD: bwa index chr17.fa
[main] Real time: 60.173 sec; CPU: 59.160 sec
mkdir: cannot create directory ‘result/BWA’: File exists
[M::bwa_idx_load_from_disk] read 0 ALT contigs
[M::process] read 102148 sequences (10000178 bp)...
[M::process] read 102216 sequences (10000102 bp)...
[M::mem_pestat] # candidate unique pairs for (FF, FR, RF, RR): (16, 46598, 1, 19)
[M::mem_pestat] analyzing insert size distribution for orientation FF...
[M::mem_pestat] (25, 50, 75) percentile: (49, 117, 289)
[M::mem_pestat] low and high boundaries for computing mean and std.dev: (1, 769)
[M::mem_pestat] mean and std.dev: (139.79, 162.27)
[M::mem_pestat] low and high boundaries for proper pairs: (1, 1009)
[M::mem_pestat] analyzing insert size distribution for orientation FR...
[M::mem_pestat] (25, 50, 75) percentile: (120, 153, 231)
[M::mem_pestat] low and high boundaries for computing mean and std.dev: (1, 453)
[M::mem_pestat] mean and std.dev: (159.94, 67.66)
[M::mem_pestat] low and high boundaries for proper pairs: (1, 564)
[M::mem_pestat] skip orientation RF as there are not enough pairs
[M::mem_pestat] analyzing insert size distribution for orientation RR...
[M::mem_pestat] (25, 50, 75) percentile: (37, 87, 158)
[M::mem_pestat] low and high boundaries for computing mean and std.dev: (1, 400)
[M::mem_pestat] mean and std.dev: (86.59, 69.38)
[M::mem_pestat] low and high boundaries for proper pairs: (1, 521)
[M::mem_pestat] skip orientation FF
[M::mem_pestat] skip orientation RR
[M::mem_process_seqs] Processed 102148 reads in 6.986 CPU sec, 6.952 real sec
[M::process] read 102186 sequences (10000115 bp)...
[M::mem_pestat] # candidate unique pairs for (FF, FR, RF, RR): (13, 46574, 4, 17)
[M::mem_pestat] analyzing insert size distribution for orientation FF...
[M::mem_pestat] (25, 50, 75) percentile: (57, 75, 137)
[M::mem_pestat] low and high boundaries for computing mean and std.dev: (1, 297)
[M::mem_pestat] mean and std.dev: (93.83, 55.34)
[M::mem_pestat] low and high boundaries for proper pairs: (1, 377)
[M::mem_pestat] analyzing insert size distribution for orientation FR...
[M::mem_pestat] (25, 50, 75) percentile: (120, 152, 230)
[M::mem_pestat] low and high boundaries for computing mean and std.dev: (1, 450)
[M::mem_pestat] mean and std.dev: (159.32, 66.60)
[M::mem_pestat] low and high boundaries for proper pairs: (1, 560)
[M::mem_pestat] skip orientation RF as there are not enough pairs
[M::mem_pestat] analyzing insert size distribution for orientation RR...
[M::mem_pestat] (25, 50, 75) percentile: (64, 119, 205)
[M::mem_pestat] low and high boundaries for computing mean and std.dev: (1, 487)
[M::mem_pestat] mean and std.dev: (143.65, 112.60)
[M::mem_pestat] low and high boundaries for proper pairs: (1, 628)
[M::mem_pestat] skip orientation FF
[M::mem_pestat] skip orientation RR
[M::mem_process_seqs] Processed 102216 reads in 7.071 CPU sec, 6.995 real sec
[M::process] read 101952 sequences (10000086 bp)...
[M::mem_pestat] # candidate unique pairs for (FF, FR, RF, RR): (15, 46641, 0, 20)
[M::mem_pestat] analyzing insert size distribution for orientation FF...
[M::mem_pestat] (25, 50, 75) percentile: (49, 74, 449)
[M::mem_pestat] low and high boundaries for computing mean and std.dev: (1, 1249)
[M::mem_pestat] mean and std.dev: (95.67, 110.30)
[M::mem_pestat] low and high boundaries for proper pairs: (1, 1649)
[M::mem_pestat] analyzing insert size distribution for orientation FR...
[M::mem_pestat] (25, 50, 75) percentile: (120, 152, 227)
[M::mem_pestat] low and high boundaries for computing mean and std.dev: (1, 441)
[M::mem_pestat] mean and std.dev: (157.93, 65.09)
[M::mem_pestat] low and high boundaries for proper pairs: (1, 548)
[M::mem_pestat] skip orientation RF as there are not enough pairs
[M::mem_pestat] analyzing insert size distribution for orientation RR...
[M::mem_pestat] (25, 50, 75) percentile: (58, 90, 141)
[M::mem_pestat] low and high boundaries for computing mean and std.dev: (1, 307)
[M::mem_pestat] mean and std.dev: (88.50, 52.35)
[M::mem_pestat] low and high boundaries for proper pairs: (1, 390)
[M::mem_pestat] skip orientation FF
[M::mem_pestat] skip orientation RR
[M::mem_process_seqs] Processed 102186 reads in 7.029 CPU sec, 6.956 real sec
[M::process] read 101746 sequences (10000090 bp)...
[M::mem_pestat] # candidate unique pairs for (FF, FR, RF, RR): (24, 46603, 1, 20)
[M::mem_pestat] analyzing insert size distribution for orientation FF...
[M::mem_pestat] (25, 50, 75) percentile: (43, 64, 154)
[M::mem_pestat] low and high boundaries for computing mean and std.dev: (1, 376)
[M::mem_pestat] mean and std.dev: (71.75, 62.87)
[M::mem_pestat] low and high boundaries for proper pairs: (1, 487)
[M::mem_pestat] analyzing insert size distribution for orientation FR...
[M::mem_pestat] (25, 50, 75) percentile: (120, 152, 229)
[M::mem_pestat] low and high boundaries for computing mean and std.dev: (1, 447)
[M::mem_pestat] mean and std.dev: (159.02, 66.37)
[M::mem_pestat] low and high boundaries for proper pairs: (1, 556)
[M::mem_pestat] skip orientation RF as there are not enough pairs
[M::mem_pestat] analyzing insert size distribution for orientation RR...
[M::mem_pestat] (25, 50, 75) percentile: (58, 89, 150)
[M::mem_pestat] low and high boundaries for computing mean and std.dev: (1, 334)
[M::mem_pestat] mean and std.dev: (86.61, 43.22)
[M::mem_pestat] low and high boundaries for proper pairs: (1, 426)
[M::mem_pestat] skip orientation FF
[M::mem_pestat] skip orientation RR
[M::mem_process_seqs] Processed 101952 reads in 7.025 CPU sec, 6.951 real sec
[M::process] read 101706 sequences (10000032 bp)...
[M::mem_pestat] # candidate unique pairs for (FF, FR, RF, RR): (22, 46467, 5, 16)
[M::mem_pestat] analyzing insert size distribution for orientation FF...
[M::mem_pestat] (25, 50, 75) percentile: (34, 90, 648)
[M::mem_pestat] low and high boundaries for computing mean and std.dev: (1, 1876)
[M::mem_pestat] mean and std.dev: (159.11, 292.20)
[M::mem_pestat] low and high boundaries for proper pairs: (1, 2490)
[M::mem_pestat] analyzing insert size distribution for orientation FR...
[M::mem_pestat] (25, 50, 75) percentile: (120, 152, 227)
[M::mem_pestat] low and high boundaries for computing mean and std.dev: (1, 441)
[M::mem_pestat] mean and std.dev: (158.01, 65.04)
[M::mem_pestat] low and high boundaries for proper pairs: (1, 548)
[M::mem_pestat] skip orientation RF as there are not enough pairs
[M::mem_pestat] analyzing insert size distribution for orientation RR...
[M::mem_pestat] (25, 50, 75) percentile: (36, 59, 135)
[M::mem_pestat] low and high boundaries for computing mean and std.dev: (1, 333)
[M::mem_pestat] mean and std.dev: (76.20, 66.70)
[M::mem_pestat] low and high boundaries for proper pairs: (1, 432)
[M::mem_pestat] skip orientation FF
[M::mem_pestat] skip orientation RR
[M::mem_process_seqs] Processed 101746 reads in 7.065 CPU sec, 6.991 real sec
[M::process] read 101622 sequences (10000199 bp)...
[M::mem_pestat] # candidate unique pairs for (FF, FR, RF, RR): (26, 46446, 2, 15)
[M::mem_pestat] analyzing insert size distribution for orientation FF...
[M::mem_pestat] (25, 50, 75) percentile: (26, 58, 73)
[M::mem_pestat] low and high boundaries for computing mean and std.dev: (1, 167)
[M::mem_pestat] mean and std.dev: (47.32, 27.55)
[M::mem_pestat] low and high boundaries for proper pairs: (1, 214)
[M::mem_pestat] analyzing insert size distribution for orientation FR...
[M::mem_pestat] (25, 50, 75) percentile: (120, 151, 226)
[M::mem_pestat] low and high boundaries for computing mean and std.dev: (1, 438)
[M::mem_pestat] mean and std.dev: (157.69, 65.13)
[M::mem_pestat] low and high boundaries for proper pairs: (1, 544)
[M::mem_pestat] skip orientation RF as there are not enough pairs
[M::mem_pestat] analyzing insert size distribution for orientation RR...
[M::mem_pestat] (25, 50, 75) percentile: (48, 84, 137)
[M::mem_pestat] low and high boundaries for computing mean and std.dev: (1, 315)
[M::mem_pestat] mean and std.dev: (88.43, 61.21)
[M::mem_pestat] low and high boundaries for proper pairs: (1, 404)
[M::mem_pestat] skip orientation FF
[M::mem_pestat] skip orientation RR
[M::mem_process_seqs] Processed 101706 reads in 7.106 CPU sec, 7.034 real sec
[M::process] read 23064 sequences (2255826 bp)...
[M::mem_pestat] # candidate unique pairs for (FF, FR, RF, RR): (17, 46496, 3, 21)
[M::mem_pestat] analyzing insert size distribution for orientation FF...
[M::mem_pestat] (25, 50, 75) percentile: (17, 37, 98)
[M::mem_pestat] low and high boundaries for computing mean and std.dev: (1, 260)
[M::mem_pestat] mean and std.dev: (60.41, 60.65)
[M::mem_pestat] low and high boundaries for proper pairs: (1, 341)
[M::mem_pestat] analyzing insert size distribution for orientation FR...
[M::mem_pestat] (25, 50, 75) percentile: (120, 151, 226)
[M::mem_pestat] low and high boundaries for computing mean and std.dev: (1, 438)
[M::mem_pestat] mean and std.dev: (157.99, 65.71)
[M::mem_pestat] low and high boundaries for proper pairs: (1, 544)
[M::mem_pestat] skip orientation RF as there are not enough pairs
[M::mem_pestat] analyzing insert size distribution for orientation RR...
[M::mem_pestat] (25, 50, 75) percentile: (22, 54, 197)
[M::mem_pestat] low and high boundaries for computing mean and std.dev: (1, 547)
[M::mem_pestat] mean and std.dev: (97.52, 99.92)
[M::mem_pestat] low and high boundaries for proper pairs: (1, 722)
[M::mem_pestat] skip orientation FF
[M::mem_pestat] skip orientation RR
[M::mem_process_seqs] Processed 101622 reads in 6.979 CPU sec, 6.937 real sec
[M::mem_pestat] # candidate unique pairs for (FF, FR, RF, RR): (9, 10495, 1, 3)
[M::mem_pestat] skip orientation FF as there are not enough pairs
[M::mem_pestat] analyzing insert size distribution for orientation FR...
[M::mem_pestat] (25, 50, 75) percentile: (119, 149, 218)
[M::mem_pestat] low and high boundaries for computing mean and std.dev: (1, 416)
[M::mem_pestat] mean and std.dev: (154.69, 61.96)
[M::mem_pestat] low and high boundaries for proper pairs: (1, 515)
[M::mem_pestat] skip orientation RF as there are not enough pairs
[M::mem_pestat] skip orientation RR as there are not enough pairs
[M::mem_process_seqs] Processed 23064 reads in 1.591 CPU sec, 1.541 real sec
[main] Version: 0.7.17-r1188
[main] CMD: bwa mem chr17.fa read_1.fastq read_2.fastq
[main] Real time: 50.730 sec; CPU: 50.995 sec
