Settings:
  Output files: "chr17_bowtie2.*.bt2"
  Line rate: 6 (line is 64 bytes)
  Lines per side: 1 (side is 64 bytes)
  Offset rate: 4 (one in 16)
  FTable chars: 10
  Strings: unpacked
  Max bucket size: default
  Max bucket size, sqrt multiplier: default
  Max bucket size, len divisor: 4
  Difference-cover sample period: 1024
  Endianness: little
  Actual local endianness: little
  Sanity checking: disabled
  Assertions: disabled
  Random seed: 0
  Sizeofs: void*:8, int:4, long:8, size_t:8
Input files DNA, FASTA:
  chr17.fa
Building a SMALL index
Reading reference sizes
  Time reading reference sizes: 00:00:01
Calculating joined length
Writing header
Reserving space for joined string
Joining reference sequences
  Time to join reference sequences: 00:00:00
bmax according to bmaxDivN setting: 20730051
Using parameters --bmax 15547539 --dcv 1024
  Doing ahead-of-time memory usage test
  Passed!  Constructing with these parameters: --bmax 15547539 --dcv 1024
Constructing suffix-array element generator
Building DifferenceCoverSample
  Building sPrime
  Building sPrimeOrder
  V-Sorting samples
  V-Sorting samples time: 00:00:02
  Allocating rank array
  Ranking v-sort output
  Ranking v-sort output time: 00:00:00
  Invoking Larsson-Sadakane on ranks
  Invoking Larsson-Sadakane on ranks time: 00:00:01
  Sanity-checking and returning
Building samples
Reserving space for 12 sample suffixes
Generating random suffixes
QSorting 12 sample offsets, eliminating duplicates
QSorting sample offsets, eliminating duplicates time: 00:00:00
Multikey QSorting 12 samples
  (Using difference cover)
  Multikey QSorting samples time: 00:00:00
Calculating bucket sizes
Splitting and merging
  Splitting and merging time: 00:00:00
Avg bucket size: 8.29202e+07 (target: 15547538)
Converting suffix-array elements to index image
Allocating ftab, absorbFtab
Entering Ebwt loop
Getting block 1 of 1
  No samples; assembling all-inclusive block
  Sorting block of length 82920204 for bucket 1
  (Using difference cover)
  Sorting block time: 00:00:33
Returning block of 82920205 for bucket 1
Exited Ebwt loop
fchr[A]: 0
fchr[C]: 22639499
fchr[G]: 41363443
fchr[T]: 60214943
fchr[$]: 82920204
Exiting Ebwt::buildToDisk()
Returning from initFromVector
Wrote 31835148 bytes to primary EBWT file: chr17_bowtie2.1.bt2
Wrote 20730056 bytes to secondary EBWT file: chr17_bowtie2.2.bt2
Re-opening _in1 and _in2 as input streams
Returning from Ebwt constructor
Headers:
    len: 82920204
    bwtLen: 82920205
    sz: 20730051
    bwtSz: 20730052
    lineRate: 6
    offRate: 4
    offMask: 0xfffffff0
    ftabChars: 10
    eftabLen: 20
    eftabSz: 80
    ftabLen: 1048577
    ftabSz: 4194308
    offsLen: 5182513
    offsSz: 20730052
    lineSz: 64
    sideSz: 64
    sideBwtSz: 48
    sideBwtLen: 192
    numSides: 431877
    numLines: 431877
    ebwtTotLen: 27640128
    ebwtTotSz: 27640128
    color: 0
    reverse: 0
Total time for call to driver() for forward index: 00:00:47
Reading reference sizes
  Time reading reference sizes: 00:00:01
Calculating joined length
Writing header
Reserving space for joined string
Joining reference sequences
  Time to join reference sequences: 00:00:00
  Time to reverse reference sequence: 00:00:00
bmax according to bmaxDivN setting: 20730051
Using parameters --bmax 15547539 --dcv 1024
  Doing ahead-of-time memory usage test
  Passed!  Constructing with these parameters: --bmax 15547539 --dcv 1024
Constructing suffix-array element generator
Building DifferenceCoverSample
  Building sPrime
  Building sPrimeOrder
  V-Sorting samples
  V-Sorting samples time: 00:00:02
  Allocating rank array
  Ranking v-sort output
  Ranking v-sort output time: 00:00:00
  Invoking Larsson-Sadakane on ranks
  Invoking Larsson-Sadakane on ranks time: 00:00:01
  Sanity-checking and returning
Building samples
Reserving space for 12 sample suffixes
Generating random suffixes
QSorting 12 sample offsets, eliminating duplicates
QSorting sample offsets, eliminating duplicates time: 00:00:00
Multikey QSorting 12 samples
  (Using difference cover)
  Multikey QSorting samples time: 00:00:00
Calculating bucket sizes
Splitting and merging
  Splitting and merging time: 00:00:00
Avg bucket size: 8.29202e+07 (target: 15547538)
Converting suffix-array elements to index image
Allocating ftab, absorbFtab
Entering Ebwt loop
Getting block 1 of 1
  No samples; assembling all-inclusive block
  Sorting block of length 82920204 for bucket 1
  (Using difference cover)
  Sorting block time: 00:00:33
Returning block of 82920205 for bucket 1
Exited Ebwt loop
fchr[A]: 0
fchr[C]: 22639499
fchr[G]: 41363443
fchr[T]: 60214943
fchr[$]: 82920204
Exiting Ebwt::buildToDisk()
Returning from initFromVector
Wrote 31835148 bytes to primary EBWT file: chr17_bowtie2.rev.1.bt2
Wrote 20730056 bytes to secondary EBWT file: chr17_bowtie2.rev.2.bt2
Re-opening _in1 and _in2 as input streams
Returning from Ebwt constructor
Headers:
    len: 82920204
    bwtLen: 82920205
    sz: 20730051
    bwtSz: 20730052
    lineRate: 6
    offRate: 4
    offMask: 0xfffffff0
    ftabChars: 10
    eftabLen: 20
    eftabSz: 80
    ftabLen: 1048577
    ftabSz: 4194308
    offsLen: 5182513
    offsSz: 20730052
    lineSz: 64
    sideSz: 64
    sideBwtSz: 48
    sideBwtLen: 192
    numSides: 431877
    numLines: 431877
    ebwtTotLen: 27640128
    ebwtTotSz: 27640128
    color: 0
    reverse: 1
Total time for backward call to driver() for mirror index: 00:00:47
368320 reads; of these:
  368320 (100.00%) were paired; of these:
    124247 (33.73%) aligned concordantly 0 times
    221745 (60.20%) aligned concordantly exactly 1 time
    22328 (6.06%) aligned concordantly >1 times
    ----
    124247 pairs aligned concordantly 0 times; of these:
      17988 (14.48%) aligned discordantly 1 time
    ----
    106259 pairs aligned 0 times concordantly or discordantly; of these:
      212518 mates make up the pairs; of these:
        135922 (63.96%) aligned 0 times
        71354 (33.58%) aligned exactly 1 time
        5242 (2.47%) aligned >1 times
81.55% overall alignment rate
